<?xml version="1.0" encoding="UTF-8"?>
<!-- Generated by org.testng.reporters.JUnitReportReporter -->
<testsuite hostname="ramprasad-PC" name="xmml.headerlinks" tests="2" failures="0" timestamp="8 Feb 2016 10:42:36 GMT" time="5.660" errors="0">
  <testcase name="f" time="5.649" classname="xmml.headerlinks"/>
  <testcase name="a" time="0.011" classname="xmml.headerlinks"/>
</testsuite> <!-- xmml.headerlinks -->
