<?xml version="1.0" encoding="UTF-8"?>
<!-- Generated by org.testng.reporters.JUnitReportReporter -->
<testsuite hostname="ramprasad-PC" name="TestNG_Pck.NewTest" tests="1" failures="0" timestamp="8 Feb 2016 10:37:02 GMT" time="26.675" errors="0">
  <testcase name="f" time="26.675" classname="TestNG_Pck.NewTest"/>
</testsuite> <!-- TestNG_Pck.NewTest -->
