<?xml version="1.0" encoding="UTF-8"?>
<!-- Generated by org.testng.reporters.JUnitReportReporter -->
<testsuite hostname="ramprasad-PC" name="TestNG_Pck.headerlinks" tests="1" failures="0" timestamp="1 Feb 2016 11:20:22 GMT" time="11.158" errors="0">
  <testcase name="f" time="11.158" classname="TestNG_Pck.headerlinks"/>
</testsuite> <!-- TestNG_Pck.headerlinks -->
